ARM GAS  C:\Users\saite\AppData\Local\Temp\ccNjEum5.s 			page 1


   1              		.cpu cortex-m4
   2              		.eabi_attribute 27, 1
   3              		.eabi_attribute 28, 1
   4              		.eabi_attribute 20, 1
   5              		.eabi_attribute 21, 1
   6              		.eabi_attribute 23, 3
   7              		.eabi_attribute 24, 1
   8              		.eabi_attribute 25, 1
   9              		.eabi_attribute 26, 1
  10              		.eabi_attribute 30, 1
  11              		.eabi_attribute 34, 1
  12              		.eabi_attribute 18, 4
  13              		.file	"adc.c"
  14              		.text
  15              	.Ltext0:
  16              		.cfi_sections	.debug_frame
  17              		.section	.text.MX_ADC1_Init,"ax",%progbits
  18              		.align	1
  19              		.global	MX_ADC1_Init
  20              		.arch armv7e-m
  21              		.syntax unified
  22              		.thumb
  23              		.thumb_func
  24              		.fpu fpv4-sp-d16
  26              	MX_ADC1_Init:
  27              	.LFB235:
  28              		.file 1 "Core/Src/adc.c"
   1:Core/Src/adc.c **** /**
   2:Core/Src/adc.c ****   ******************************************************************************
   3:Core/Src/adc.c ****   * @file    adc.c
   4:Core/Src/adc.c ****   * @brief   This file provides code for the configuration
   5:Core/Src/adc.c ****   *          of the ADC instances.
   6:Core/Src/adc.c ****   ******************************************************************************
   7:Core/Src/adc.c ****   * @attention
   8:Core/Src/adc.c ****   *
   9:Core/Src/adc.c ****   * <h2><center>&copy; Copyright (c) 2022 STMicroelectronics.
  10:Core/Src/adc.c ****   * All rights reserved.</center></h2>
  11:Core/Src/adc.c ****   *
  12:Core/Src/adc.c ****   * This software component is licensed by ST under BSD 3-Clause license,
  13:Core/Src/adc.c ****   * the "License"; You may not use this file except in compliance with the
  14:Core/Src/adc.c ****   * License. You may obtain a copy of the License at:
  15:Core/Src/adc.c ****   *                        opensource.org/licenses/BSD-3-Clause
  16:Core/Src/adc.c ****   *
  17:Core/Src/adc.c ****   ******************************************************************************
  18:Core/Src/adc.c ****   */
  19:Core/Src/adc.c **** 
  20:Core/Src/adc.c **** /* Includes ------------------------------------------------------------------*/
  21:Core/Src/adc.c **** #include "adc.h"
  22:Core/Src/adc.c **** 
  23:Core/Src/adc.c **** /* USER CODE BEGIN 0 */
  24:Core/Src/adc.c **** 
  25:Core/Src/adc.c **** /* USER CODE END 0 */
  26:Core/Src/adc.c **** 
  27:Core/Src/adc.c **** ADC_HandleTypeDef hadc1;
  28:Core/Src/adc.c **** 
  29:Core/Src/adc.c **** /* ADC1 init function */
  30:Core/Src/adc.c **** void MX_ADC1_Init(void)
ARM GAS  C:\Users\saite\AppData\Local\Temp\ccNjEum5.s 			page 2


  31:Core/Src/adc.c **** {
  29              		.loc 1 31 1 view -0
  30              		.cfi_startproc
  31              		@ args = 0, pretend = 0, frame = 16
  32              		@ frame_needed = 0, uses_anonymous_args = 0
  33 0000 00B5     		push	{lr}
  34              	.LCFI0:
  35              		.cfi_def_cfa_offset 4
  36              		.cfi_offset 14, -4
  37 0002 85B0     		sub	sp, sp, #20
  38              	.LCFI1:
  39              		.cfi_def_cfa_offset 24
  32:Core/Src/adc.c **** 
  33:Core/Src/adc.c ****   /* USER CODE BEGIN ADC1_Init 0 */
  34:Core/Src/adc.c **** 
  35:Core/Src/adc.c ****   /* USER CODE END ADC1_Init 0 */
  36:Core/Src/adc.c **** 
  37:Core/Src/adc.c ****   ADC_ChannelConfTypeDef sConfig = {0};
  40              		.loc 1 37 3 view .LVU1
  41              		.loc 1 37 26 is_stmt 0 view .LVU2
  42 0004 0023     		movs	r3, #0
  43 0006 0093     		str	r3, [sp]
  44 0008 0193     		str	r3, [sp, #4]
  45 000a 0293     		str	r3, [sp, #8]
  46 000c 0393     		str	r3, [sp, #12]
  38:Core/Src/adc.c **** 
  39:Core/Src/adc.c ****   /* USER CODE BEGIN ADC1_Init 1 */
  40:Core/Src/adc.c **** 
  41:Core/Src/adc.c ****   /* USER CODE END ADC1_Init 1 */
  42:Core/Src/adc.c ****   /** Configure the global features of the ADC (Clock, Resolution, Data Alignment and number of con
  43:Core/Src/adc.c ****   */
  44:Core/Src/adc.c ****   hadc1.Instance = ADC1;
  47              		.loc 1 44 3 is_stmt 1 view .LVU3
  48              		.loc 1 44 18 is_stmt 0 view .LVU4
  49 000e 1448     		ldr	r0, .L7
  50 0010 144A     		ldr	r2, .L7+4
  51 0012 0260     		str	r2, [r0]
  45:Core/Src/adc.c ****   hadc1.Init.ClockPrescaler = ADC_CLOCK_SYNC_PCLK_DIV2;
  52              		.loc 1 45 3 is_stmt 1 view .LVU5
  53              		.loc 1 45 29 is_stmt 0 view .LVU6
  54 0014 4360     		str	r3, [r0, #4]
  46:Core/Src/adc.c ****   hadc1.Init.Resolution = ADC_RESOLUTION_12B;
  55              		.loc 1 46 3 is_stmt 1 view .LVU7
  56              		.loc 1 46 25 is_stmt 0 view .LVU8
  57 0016 8360     		str	r3, [r0, #8]
  47:Core/Src/adc.c ****   hadc1.Init.ScanConvMode = DISABLE;
  58              		.loc 1 47 3 is_stmt 1 view .LVU9
  59              		.loc 1 47 27 is_stmt 0 view .LVU10
  60 0018 0361     		str	r3, [r0, #16]
  48:Core/Src/adc.c ****   hadc1.Init.ContinuousConvMode = DISABLE;
  61              		.loc 1 48 3 is_stmt 1 view .LVU11
  62              		.loc 1 48 33 is_stmt 0 view .LVU12
  63 001a 0376     		strb	r3, [r0, #24]
  49:Core/Src/adc.c ****   hadc1.Init.DiscontinuousConvMode = DISABLE;
  64              		.loc 1 49 3 is_stmt 1 view .LVU13
  65              		.loc 1 49 36 is_stmt 0 view .LVU14
  66 001c 80F82030 		strb	r3, [r0, #32]
ARM GAS  C:\Users\saite\AppData\Local\Temp\ccNjEum5.s 			page 3


  50:Core/Src/adc.c ****   hadc1.Init.ExternalTrigConvEdge = ADC_EXTERNALTRIGCONVEDGE_NONE;
  67              		.loc 1 50 3 is_stmt 1 view .LVU15
  68              		.loc 1 50 35 is_stmt 0 view .LVU16
  69 0020 C362     		str	r3, [r0, #44]
  51:Core/Src/adc.c ****   hadc1.Init.ExternalTrigConv = ADC_SOFTWARE_START;
  70              		.loc 1 51 3 is_stmt 1 view .LVU17
  71              		.loc 1 51 31 is_stmt 0 view .LVU18
  72 0022 114A     		ldr	r2, .L7+8
  73 0024 8262     		str	r2, [r0, #40]
  52:Core/Src/adc.c ****   hadc1.Init.DataAlign = ADC_DATAALIGN_RIGHT;
  74              		.loc 1 52 3 is_stmt 1 view .LVU19
  75              		.loc 1 52 24 is_stmt 0 view .LVU20
  76 0026 C360     		str	r3, [r0, #12]
  53:Core/Src/adc.c ****   hadc1.Init.NbrOfConversion = 1;
  77              		.loc 1 53 3 is_stmt 1 view .LVU21
  78              		.loc 1 53 30 is_stmt 0 view .LVU22
  79 0028 0122     		movs	r2, #1
  80 002a C261     		str	r2, [r0, #28]
  54:Core/Src/adc.c ****   hadc1.Init.DMAContinuousRequests = DISABLE;
  81              		.loc 1 54 3 is_stmt 1 view .LVU23
  82              		.loc 1 54 36 is_stmt 0 view .LVU24
  83 002c 80F83030 		strb	r3, [r0, #48]
  55:Core/Src/adc.c ****   hadc1.Init.EOCSelection = ADC_EOC_SINGLE_CONV;
  84              		.loc 1 55 3 is_stmt 1 view .LVU25
  85              		.loc 1 55 27 is_stmt 0 view .LVU26
  86 0030 4261     		str	r2, [r0, #20]
  56:Core/Src/adc.c ****   if (HAL_ADC_Init(&hadc1) != HAL_OK)
  87              		.loc 1 56 3 is_stmt 1 view .LVU27
  88              		.loc 1 56 7 is_stmt 0 view .LVU28
  89 0032 FFF7FEFF 		bl	HAL_ADC_Init
  90              	.LVL0:
  91              		.loc 1 56 6 view .LVU29
  92 0036 68B9     		cbnz	r0, .L5
  93              	.L2:
  57:Core/Src/adc.c ****   {
  58:Core/Src/adc.c ****     Error_Handler();
  59:Core/Src/adc.c ****   }
  60:Core/Src/adc.c ****   /** Configure for the selected ADC regular channel its corresponding rank in the sequencer and it
  61:Core/Src/adc.c ****   */
  62:Core/Src/adc.c ****   sConfig.Channel = ADC_CHANNEL_10;
  94              		.loc 1 62 3 is_stmt 1 view .LVU30
  95              		.loc 1 62 19 is_stmt 0 view .LVU31
  96 0038 0A23     		movs	r3, #10
  97 003a 0093     		str	r3, [sp]
  63:Core/Src/adc.c ****   sConfig.Rank = 1;
  98              		.loc 1 63 3 is_stmt 1 view .LVU32
  99              		.loc 1 63 16 is_stmt 0 view .LVU33
 100 003c 0123     		movs	r3, #1
 101 003e 0193     		str	r3, [sp, #4]
  64:Core/Src/adc.c ****   sConfig.SamplingTime = ADC_SAMPLETIME_3CYCLES;
 102              		.loc 1 64 3 is_stmt 1 view .LVU34
 103              		.loc 1 64 24 is_stmt 0 view .LVU35
 104 0040 0023     		movs	r3, #0
 105 0042 0293     		str	r3, [sp, #8]
  65:Core/Src/adc.c ****   if (HAL_ADC_ConfigChannel(&hadc1, &sConfig) != HAL_OK)
 106              		.loc 1 65 3 is_stmt 1 view .LVU36
 107              		.loc 1 65 7 is_stmt 0 view .LVU37
ARM GAS  C:\Users\saite\AppData\Local\Temp\ccNjEum5.s 			page 4


 108 0044 6946     		mov	r1, sp
 109 0046 0648     		ldr	r0, .L7
 110 0048 FFF7FEFF 		bl	HAL_ADC_ConfigChannel
 111              	.LVL1:
 112              		.loc 1 65 6 view .LVU38
 113 004c 28B9     		cbnz	r0, .L6
 114              	.L1:
  66:Core/Src/adc.c ****   {
  67:Core/Src/adc.c ****     Error_Handler();
  68:Core/Src/adc.c ****   }
  69:Core/Src/adc.c ****   /* USER CODE BEGIN ADC1_Init 2 */
  70:Core/Src/adc.c **** 
  71:Core/Src/adc.c ****   /* USER CODE END ADC1_Init 2 */
  72:Core/Src/adc.c **** 
  73:Core/Src/adc.c **** }
 115              		.loc 1 73 1 view .LVU39
 116 004e 05B0     		add	sp, sp, #20
 117              	.LCFI2:
 118              		.cfi_remember_state
 119              		.cfi_def_cfa_offset 4
 120              		@ sp needed
 121 0050 5DF804FB 		ldr	pc, [sp], #4
 122              	.L5:
 123              	.LCFI3:
 124              		.cfi_restore_state
  58:Core/Src/adc.c ****   }
 125              		.loc 1 58 5 is_stmt 1 view .LVU40
 126 0054 FFF7FEFF 		bl	Error_Handler
 127              	.LVL2:
 128 0058 EEE7     		b	.L2
 129              	.L6:
  67:Core/Src/adc.c ****   }
 130              		.loc 1 67 5 view .LVU41
 131 005a FFF7FEFF 		bl	Error_Handler
 132              	.LVL3:
 133              		.loc 1 73 1 is_stmt 0 view .LVU42
 134 005e F6E7     		b	.L1
 135              	.L8:
 136              		.align	2
 137              	.L7:
 138 0060 00000000 		.word	.LANCHOR0
 139 0064 00200140 		.word	1073815552
 140 0068 0100000F 		.word	251658241
 141              		.cfi_endproc
 142              	.LFE235:
 144              		.section	.text.HAL_ADC_MspInit,"ax",%progbits
 145              		.align	1
 146              		.global	HAL_ADC_MspInit
 147              		.syntax unified
 148              		.thumb
 149              		.thumb_func
 150              		.fpu fpv4-sp-d16
 152              	HAL_ADC_MspInit:
 153              	.LVL4:
 154              	.LFB236:
  74:Core/Src/adc.c **** 
  75:Core/Src/adc.c **** void HAL_ADC_MspInit(ADC_HandleTypeDef* adcHandle)
ARM GAS  C:\Users\saite\AppData\Local\Temp\ccNjEum5.s 			page 5


  76:Core/Src/adc.c **** {
 155              		.loc 1 76 1 is_stmt 1 view -0
 156              		.cfi_startproc
 157              		@ args = 0, pretend = 0, frame = 32
 158              		@ frame_needed = 0, uses_anonymous_args = 0
 159              		.loc 1 76 1 is_stmt 0 view .LVU44
 160 0000 00B5     		push	{lr}
 161              	.LCFI4:
 162              		.cfi_def_cfa_offset 4
 163              		.cfi_offset 14, -4
 164 0002 89B0     		sub	sp, sp, #36
 165              	.LCFI5:
 166              		.cfi_def_cfa_offset 40
  77:Core/Src/adc.c **** 
  78:Core/Src/adc.c ****   GPIO_InitTypeDef GPIO_InitStruct = {0};
 167              		.loc 1 78 3 is_stmt 1 view .LVU45
 168              		.loc 1 78 20 is_stmt 0 view .LVU46
 169 0004 0023     		movs	r3, #0
 170 0006 0393     		str	r3, [sp, #12]
 171 0008 0493     		str	r3, [sp, #16]
 172 000a 0593     		str	r3, [sp, #20]
 173 000c 0693     		str	r3, [sp, #24]
 174 000e 0793     		str	r3, [sp, #28]
  79:Core/Src/adc.c ****   if(adcHandle->Instance==ADC1)
 175              		.loc 1 79 3 is_stmt 1 view .LVU47
 176              		.loc 1 79 15 is_stmt 0 view .LVU48
 177 0010 0268     		ldr	r2, [r0]
 178              		.loc 1 79 5 view .LVU49
 179 0012 03F18043 		add	r3, r3, #1073741824
 180 0016 03F59033 		add	r3, r3, #73728
 181 001a 9A42     		cmp	r2, r3
 182 001c 02D0     		beq	.L12
 183              	.LVL5:
 184              	.L9:
  80:Core/Src/adc.c ****   {
  81:Core/Src/adc.c ****   /* USER CODE BEGIN ADC1_MspInit 0 */
  82:Core/Src/adc.c **** 
  83:Core/Src/adc.c ****   /* USER CODE END ADC1_MspInit 0 */
  84:Core/Src/adc.c ****     /* ADC1 clock enable */
  85:Core/Src/adc.c ****     __HAL_RCC_ADC1_CLK_ENABLE();
  86:Core/Src/adc.c **** 
  87:Core/Src/adc.c ****     __HAL_RCC_GPIOC_CLK_ENABLE();
  88:Core/Src/adc.c ****     /**ADC1 GPIO Configuration
  89:Core/Src/adc.c ****     PC0     ------> ADC1_IN10
  90:Core/Src/adc.c ****     PC1     ------> ADC1_IN11
  91:Core/Src/adc.c ****     PC2     ------> ADC1_IN12
  92:Core/Src/adc.c ****     PC3     ------> ADC1_IN13
  93:Core/Src/adc.c ****     PC4     ------> ADC1_IN14
  94:Core/Src/adc.c ****     */
  95:Core/Src/adc.c ****     GPIO_InitStruct.Pin = GPIO_PIN_0|GPIO_PIN_1|GPIO_PIN_2|GPIO_PIN_3
  96:Core/Src/adc.c ****                           |GPIO_PIN_4;
  97:Core/Src/adc.c ****     GPIO_InitStruct.Mode = GPIO_MODE_ANALOG;
  98:Core/Src/adc.c ****     GPIO_InitStruct.Pull = GPIO_NOPULL;
  99:Core/Src/adc.c ****     HAL_GPIO_Init(GPIOC, &GPIO_InitStruct);
 100:Core/Src/adc.c **** 
 101:Core/Src/adc.c ****   /* USER CODE BEGIN ADC1_MspInit 1 */
 102:Core/Src/adc.c **** 
ARM GAS  C:\Users\saite\AppData\Local\Temp\ccNjEum5.s 			page 6


 103:Core/Src/adc.c ****   /* USER CODE END ADC1_MspInit 1 */
 104:Core/Src/adc.c ****   }
 105:Core/Src/adc.c **** }
 185              		.loc 1 105 1 view .LVU50
 186 001e 09B0     		add	sp, sp, #36
 187              	.LCFI6:
 188              		.cfi_remember_state
 189              		.cfi_def_cfa_offset 4
 190              		@ sp needed
 191 0020 5DF804FB 		ldr	pc, [sp], #4
 192              	.LVL6:
 193              	.L12:
 194              	.LCFI7:
 195              		.cfi_restore_state
  85:Core/Src/adc.c **** 
 196              		.loc 1 85 5 is_stmt 1 view .LVU51
 197              	.LBB2:
  85:Core/Src/adc.c **** 
 198              		.loc 1 85 5 view .LVU52
 199 0024 0021     		movs	r1, #0
 200 0026 0191     		str	r1, [sp, #4]
  85:Core/Src/adc.c **** 
 201              		.loc 1 85 5 view .LVU53
 202 0028 03F58C33 		add	r3, r3, #71680
 203 002c 5A6C     		ldr	r2, [r3, #68]
 204 002e 42F48072 		orr	r2, r2, #256
 205 0032 5A64     		str	r2, [r3, #68]
  85:Core/Src/adc.c **** 
 206              		.loc 1 85 5 view .LVU54
 207 0034 5A6C     		ldr	r2, [r3, #68]
 208 0036 02F48072 		and	r2, r2, #256
 209 003a 0192     		str	r2, [sp, #4]
  85:Core/Src/adc.c **** 
 210              		.loc 1 85 5 view .LVU55
 211 003c 019A     		ldr	r2, [sp, #4]
 212              	.LBE2:
  85:Core/Src/adc.c **** 
 213              		.loc 1 85 5 view .LVU56
  87:Core/Src/adc.c ****     /**ADC1 GPIO Configuration
 214              		.loc 1 87 5 view .LVU57
 215              	.LBB3:
  87:Core/Src/adc.c ****     /**ADC1 GPIO Configuration
 216              		.loc 1 87 5 view .LVU58
 217 003e 0291     		str	r1, [sp, #8]
  87:Core/Src/adc.c ****     /**ADC1 GPIO Configuration
 218              		.loc 1 87 5 view .LVU59
 219 0040 1A6B     		ldr	r2, [r3, #48]
 220 0042 42F00402 		orr	r2, r2, #4
 221 0046 1A63     		str	r2, [r3, #48]
  87:Core/Src/adc.c ****     /**ADC1 GPIO Configuration
 222              		.loc 1 87 5 view .LVU60
 223 0048 1B6B     		ldr	r3, [r3, #48]
 224 004a 03F00403 		and	r3, r3, #4
 225 004e 0293     		str	r3, [sp, #8]
  87:Core/Src/adc.c ****     /**ADC1 GPIO Configuration
 226              		.loc 1 87 5 view .LVU61
 227 0050 029B     		ldr	r3, [sp, #8]
ARM GAS  C:\Users\saite\AppData\Local\Temp\ccNjEum5.s 			page 7


 228              	.LBE3:
  87:Core/Src/adc.c ****     /**ADC1 GPIO Configuration
 229              		.loc 1 87 5 view .LVU62
  95:Core/Src/adc.c ****                           |GPIO_PIN_4;
 230              		.loc 1 95 5 view .LVU63
  95:Core/Src/adc.c ****                           |GPIO_PIN_4;
 231              		.loc 1 95 25 is_stmt 0 view .LVU64
 232 0052 1F23     		movs	r3, #31
 233 0054 0393     		str	r3, [sp, #12]
  97:Core/Src/adc.c ****     GPIO_InitStruct.Pull = GPIO_NOPULL;
 234              		.loc 1 97 5 is_stmt 1 view .LVU65
  97:Core/Src/adc.c ****     GPIO_InitStruct.Pull = GPIO_NOPULL;
 235              		.loc 1 97 26 is_stmt 0 view .LVU66
 236 0056 0323     		movs	r3, #3
 237 0058 0493     		str	r3, [sp, #16]
  98:Core/Src/adc.c ****     HAL_GPIO_Init(GPIOC, &GPIO_InitStruct);
 238              		.loc 1 98 5 is_stmt 1 view .LVU67
  99:Core/Src/adc.c **** 
 239              		.loc 1 99 5 view .LVU68
 240 005a 03A9     		add	r1, sp, #12
 241 005c 0148     		ldr	r0, .L13
 242              	.LVL7:
  99:Core/Src/adc.c **** 
 243              		.loc 1 99 5 is_stmt 0 view .LVU69
 244 005e FFF7FEFF 		bl	HAL_GPIO_Init
 245              	.LVL8:
 246              		.loc 1 105 1 view .LVU70
 247 0062 DCE7     		b	.L9
 248              	.L14:
 249              		.align	2
 250              	.L13:
 251 0064 00080240 		.word	1073874944
 252              		.cfi_endproc
 253              	.LFE236:
 255              		.section	.text.HAL_ADC_MspDeInit,"ax",%progbits
 256              		.align	1
 257              		.global	HAL_ADC_MspDeInit
 258              		.syntax unified
 259              		.thumb
 260              		.thumb_func
 261              		.fpu fpv4-sp-d16
 263              	HAL_ADC_MspDeInit:
 264              	.LVL9:
 265              	.LFB237:
 106:Core/Src/adc.c **** 
 107:Core/Src/adc.c **** void HAL_ADC_MspDeInit(ADC_HandleTypeDef* adcHandle)
 108:Core/Src/adc.c **** {
 266              		.loc 1 108 1 is_stmt 1 view -0
 267              		.cfi_startproc
 268              		@ args = 0, pretend = 0, frame = 0
 269              		@ frame_needed = 0, uses_anonymous_args = 0
 270              		.loc 1 108 1 is_stmt 0 view .LVU72
 271 0000 08B5     		push	{r3, lr}
 272              	.LCFI8:
 273              		.cfi_def_cfa_offset 8
 274              		.cfi_offset 3, -8
 275              		.cfi_offset 14, -4
ARM GAS  C:\Users\saite\AppData\Local\Temp\ccNjEum5.s 			page 8


 109:Core/Src/adc.c **** 
 110:Core/Src/adc.c ****   if(adcHandle->Instance==ADC1)
 276              		.loc 1 110 3 is_stmt 1 view .LVU73
 277              		.loc 1 110 15 is_stmt 0 view .LVU74
 278 0002 0268     		ldr	r2, [r0]
 279              		.loc 1 110 5 view .LVU75
 280 0004 064B     		ldr	r3, .L19
 281 0006 9A42     		cmp	r2, r3
 282 0008 00D0     		beq	.L18
 283              	.LVL10:
 284              	.L15:
 111:Core/Src/adc.c ****   {
 112:Core/Src/adc.c ****   /* USER CODE BEGIN ADC1_MspDeInit 0 */
 113:Core/Src/adc.c **** 
 114:Core/Src/adc.c ****   /* USER CODE END ADC1_MspDeInit 0 */
 115:Core/Src/adc.c ****     /* Peripheral clock disable */
 116:Core/Src/adc.c ****     __HAL_RCC_ADC1_CLK_DISABLE();
 117:Core/Src/adc.c **** 
 118:Core/Src/adc.c ****     /**ADC1 GPIO Configuration
 119:Core/Src/adc.c ****     PC0     ------> ADC1_IN10
 120:Core/Src/adc.c ****     PC1     ------> ADC1_IN11
 121:Core/Src/adc.c ****     PC2     ------> ADC1_IN12
 122:Core/Src/adc.c ****     PC3     ------> ADC1_IN13
 123:Core/Src/adc.c ****     PC4     ------> ADC1_IN14
 124:Core/Src/adc.c ****     */
 125:Core/Src/adc.c ****     HAL_GPIO_DeInit(GPIOC, GPIO_PIN_0|GPIO_PIN_1|GPIO_PIN_2|GPIO_PIN_3
 126:Core/Src/adc.c ****                           |GPIO_PIN_4);
 127:Core/Src/adc.c **** 
 128:Core/Src/adc.c ****   /* USER CODE BEGIN ADC1_MspDeInit 1 */
 129:Core/Src/adc.c **** 
 130:Core/Src/adc.c ****   /* USER CODE END ADC1_MspDeInit 1 */
 131:Core/Src/adc.c ****   }
 132:Core/Src/adc.c **** }
 285              		.loc 1 132 1 view .LVU76
 286 000a 08BD     		pop	{r3, pc}
 287              	.LVL11:
 288              	.L18:
 116:Core/Src/adc.c **** 
 289              		.loc 1 116 5 is_stmt 1 view .LVU77
 290 000c 054A     		ldr	r2, .L19+4
 291 000e 536C     		ldr	r3, [r2, #68]
 292 0010 23F48073 		bic	r3, r3, #256
 293 0014 5364     		str	r3, [r2, #68]
 125:Core/Src/adc.c ****                           |GPIO_PIN_4);
 294              		.loc 1 125 5 view .LVU78
 295 0016 1F21     		movs	r1, #31
 296 0018 0348     		ldr	r0, .L19+8
 297              	.LVL12:
 125:Core/Src/adc.c ****                           |GPIO_PIN_4);
 298              		.loc 1 125 5 is_stmt 0 view .LVU79
 299 001a FFF7FEFF 		bl	HAL_GPIO_DeInit
 300              	.LVL13:
 301              		.loc 1 132 1 view .LVU80
 302 001e F4E7     		b	.L15
 303              	.L20:
 304              		.align	2
 305              	.L19:
ARM GAS  C:\Users\saite\AppData\Local\Temp\ccNjEum5.s 			page 9


 306 0020 00200140 		.word	1073815552
 307 0024 00380240 		.word	1073887232
 308 0028 00080240 		.word	1073874944
 309              		.cfi_endproc
 310              	.LFE237:
 312              		.global	hadc1
 313              		.section	.bss.hadc1,"aw",%nobits
 314              		.align	2
 315              		.set	.LANCHOR0,. + 0
 318              	hadc1:
 319 0000 00000000 		.space	72
 319      00000000 
 319      00000000 
 319      00000000 
 319      00000000 
 320              		.text
 321              	.Letext0:
 322              		.file 2 "c:\\tools\\gcc-arm-none-eabi-10-2020-q4-major\\arm-none-eabi\\include\\machine\\_default_
 323              		.file 3 "c:\\tools\\gcc-arm-none-eabi-10-2020-q4-major\\arm-none-eabi\\include\\sys\\_stdint.h"
 324              		.file 4 "Drivers/CMSIS/Device/ST/STM32F4xx/Include/stm32f405xx.h"
 325              		.file 5 "Drivers/CMSIS/Device/ST/STM32F4xx/Include/stm32f4xx.h"
 326              		.file 6 "Drivers/STM32F4xx_HAL_Driver/Inc/stm32f4xx_hal_def.h"
 327              		.file 7 "Drivers/STM32F4xx_HAL_Driver/Inc/stm32f4xx_hal_gpio.h"
 328              		.file 8 "Drivers/STM32F4xx_HAL_Driver/Inc/stm32f4xx_hal_dma.h"
 329              		.file 9 "Drivers/STM32F4xx_HAL_Driver/Inc/stm32f4xx_hal_adc.h"
 330              		.file 10 "Core/Inc/main.h"
 331              		.file 11 "Core/Inc/adc.h"
ARM GAS  C:\Users\saite\AppData\Local\Temp\ccNjEum5.s 			page 10


DEFINED SYMBOLS
                            *ABS*:00000000 adc.c
C:\Users\saite\AppData\Local\Temp\ccNjEum5.s:18     .text.MX_ADC1_Init:00000000 $t
C:\Users\saite\AppData\Local\Temp\ccNjEum5.s:26     .text.MX_ADC1_Init:00000000 MX_ADC1_Init
C:\Users\saite\AppData\Local\Temp\ccNjEum5.s:138    .text.MX_ADC1_Init:00000060 $d
C:\Users\saite\AppData\Local\Temp\ccNjEum5.s:145    .text.HAL_ADC_MspInit:00000000 $t
C:\Users\saite\AppData\Local\Temp\ccNjEum5.s:152    .text.HAL_ADC_MspInit:00000000 HAL_ADC_MspInit
C:\Users\saite\AppData\Local\Temp\ccNjEum5.s:251    .text.HAL_ADC_MspInit:00000064 $d
C:\Users\saite\AppData\Local\Temp\ccNjEum5.s:256    .text.HAL_ADC_MspDeInit:00000000 $t
C:\Users\saite\AppData\Local\Temp\ccNjEum5.s:263    .text.HAL_ADC_MspDeInit:00000000 HAL_ADC_MspDeInit
C:\Users\saite\AppData\Local\Temp\ccNjEum5.s:306    .text.HAL_ADC_MspDeInit:00000020 $d
C:\Users\saite\AppData\Local\Temp\ccNjEum5.s:318    .bss.hadc1:00000000 hadc1
C:\Users\saite\AppData\Local\Temp\ccNjEum5.s:314    .bss.hadc1:00000000 $d

UNDEFINED SYMBOLS
HAL_ADC_Init
HAL_ADC_ConfigChannel
Error_Handler
HAL_GPIO_Init
HAL_GPIO_DeInit
