ARM GAS  C:\Users\saite\AppData\Local\Temp\ccVhu69g.s 			page 1


   1              		.cpu cortex-m4
   2              		.eabi_attribute 27, 1
   3              		.eabi_attribute 28, 1
   4              		.eabi_attribute 20, 1
   5              		.eabi_attribute 21, 1
   6              		.eabi_attribute 23, 3
   7              		.eabi_attribute 24, 1
   8              		.eabi_attribute 25, 1
   9              		.eabi_attribute 26, 1
  10              		.eabi_attribute 30, 1
  11              		.eabi_attribute 34, 1
  12              		.eabi_attribute 18, 4
  13              		.file	"gpio.c"
  14              		.text
  15              	.Ltext0:
  16              		.cfi_sections	.debug_frame
  17              		.section	.text.MX_GPIO_Init,"ax",%progbits
  18              		.align	1
  19              		.global	MX_GPIO_Init
  20              		.arch armv7e-m
  21              		.syntax unified
  22              		.thumb
  23              		.thumb_func
  24              		.fpu fpv4-sp-d16
  26              	MX_GPIO_Init:
  27              	.LFB235:
  28              		.file 1 "Core/Src/gpio.c"
   1:Core/Src/gpio.c **** /**
   2:Core/Src/gpio.c ****   ******************************************************************************
   3:Core/Src/gpio.c ****   * @file    gpio.c
   4:Core/Src/gpio.c ****   * @brief   This file provides code for the configuration
   5:Core/Src/gpio.c ****   *          of all used GPIO pins.
   6:Core/Src/gpio.c ****   ******************************************************************************
   7:Core/Src/gpio.c ****   * @attention
   8:Core/Src/gpio.c ****   *
   9:Core/Src/gpio.c ****   * <h2><center>&copy; Copyright (c) 2022 STMicroelectronics.
  10:Core/Src/gpio.c ****   * All rights reserved.</center></h2>
  11:Core/Src/gpio.c ****   *
  12:Core/Src/gpio.c ****   * This software component is licensed by ST under BSD 3-Clause license,
  13:Core/Src/gpio.c ****   * the "License"; You may not use this file except in compliance with the
  14:Core/Src/gpio.c ****   * License. You may obtain a copy of the License at:
  15:Core/Src/gpio.c ****   *                        opensource.org/licenses/BSD-3-Clause
  16:Core/Src/gpio.c ****   *
  17:Core/Src/gpio.c ****   ******************************************************************************
  18:Core/Src/gpio.c ****   */
  19:Core/Src/gpio.c **** 
  20:Core/Src/gpio.c **** /* Includes ------------------------------------------------------------------*/
  21:Core/Src/gpio.c **** #include "gpio.h"
  22:Core/Src/gpio.c **** 
  23:Core/Src/gpio.c **** /* USER CODE BEGIN 0 */
  24:Core/Src/gpio.c **** 
  25:Core/Src/gpio.c **** /* USER CODE END 0 */
  26:Core/Src/gpio.c **** 
  27:Core/Src/gpio.c **** /*----------------------------------------------------------------------------*/
  28:Core/Src/gpio.c **** /* Configure GPIO                                                             */
  29:Core/Src/gpio.c **** /*----------------------------------------------------------------------------*/
  30:Core/Src/gpio.c **** /* USER CODE BEGIN 1 */
ARM GAS  C:\Users\saite\AppData\Local\Temp\ccVhu69g.s 			page 2


  31:Core/Src/gpio.c **** 
  32:Core/Src/gpio.c **** /* USER CODE END 1 */
  33:Core/Src/gpio.c **** 
  34:Core/Src/gpio.c **** /** Configure pins
  35:Core/Src/gpio.c ****      PC6   ------> S_TIM8_CH1
  36:Core/Src/gpio.c ****      PC7   ------> S_TIM8_CH2
  37:Core/Src/gpio.c **** */
  38:Core/Src/gpio.c **** void MX_GPIO_Init(void)
  39:Core/Src/gpio.c **** {
  29              		.loc 1 39 1 view -0
  30              		.cfi_startproc
  31              		@ args = 0, pretend = 0, frame = 32
  32              		@ frame_needed = 0, uses_anonymous_args = 0
  33 0000 2DE9F041 		push	{r4, r5, r6, r7, r8, lr}
  34              	.LCFI0:
  35              		.cfi_def_cfa_offset 24
  36              		.cfi_offset 4, -24
  37              		.cfi_offset 5, -20
  38              		.cfi_offset 6, -16
  39              		.cfi_offset 7, -12
  40              		.cfi_offset 8, -8
  41              		.cfi_offset 14, -4
  42 0004 88B0     		sub	sp, sp, #32
  43              	.LCFI1:
  44              		.cfi_def_cfa_offset 56
  40:Core/Src/gpio.c **** 
  41:Core/Src/gpio.c ****   GPIO_InitTypeDef GPIO_InitStruct = {0};
  45              		.loc 1 41 3 view .LVU1
  46              		.loc 1 41 20 is_stmt 0 view .LVU2
  47 0006 0024     		movs	r4, #0
  48 0008 0394     		str	r4, [sp, #12]
  49 000a 0494     		str	r4, [sp, #16]
  50 000c 0594     		str	r4, [sp, #20]
  51 000e 0694     		str	r4, [sp, #24]
  52 0010 0794     		str	r4, [sp, #28]
  42:Core/Src/gpio.c **** 
  43:Core/Src/gpio.c ****   /* GPIO Ports Clock Enable */
  44:Core/Src/gpio.c ****   __HAL_RCC_GPIOC_CLK_ENABLE();
  53              		.loc 1 44 3 is_stmt 1 view .LVU3
  54              	.LBB2:
  55              		.loc 1 44 3 view .LVU4
  56 0012 0094     		str	r4, [sp]
  57              		.loc 1 44 3 view .LVU5
  58 0014 304B     		ldr	r3, .L3
  59 0016 1A6B     		ldr	r2, [r3, #48]
  60 0018 42F00402 		orr	r2, r2, #4
  61 001c 1A63     		str	r2, [r3, #48]
  62              		.loc 1 44 3 view .LVU6
  63 001e 1A6B     		ldr	r2, [r3, #48]
  64 0020 02F00402 		and	r2, r2, #4
  65 0024 0092     		str	r2, [sp]
  66              		.loc 1 44 3 view .LVU7
  67 0026 009A     		ldr	r2, [sp]
  68              	.LBE2:
  69              		.loc 1 44 3 view .LVU8
  45:Core/Src/gpio.c ****   __HAL_RCC_GPIOA_CLK_ENABLE();
  70              		.loc 1 45 3 view .LVU9
ARM GAS  C:\Users\saite\AppData\Local\Temp\ccVhu69g.s 			page 3


  71              	.LBB3:
  72              		.loc 1 45 3 view .LVU10
  73 0028 0194     		str	r4, [sp, #4]
  74              		.loc 1 45 3 view .LVU11
  75 002a 1A6B     		ldr	r2, [r3, #48]
  76 002c 42F00102 		orr	r2, r2, #1
  77 0030 1A63     		str	r2, [r3, #48]
  78              		.loc 1 45 3 view .LVU12
  79 0032 1A6B     		ldr	r2, [r3, #48]
  80 0034 02F00102 		and	r2, r2, #1
  81 0038 0192     		str	r2, [sp, #4]
  82              		.loc 1 45 3 view .LVU13
  83 003a 019A     		ldr	r2, [sp, #4]
  84              	.LBE3:
  85              		.loc 1 45 3 view .LVU14
  46:Core/Src/gpio.c ****   __HAL_RCC_GPIOB_CLK_ENABLE();
  86              		.loc 1 46 3 view .LVU15
  87              	.LBB4:
  88              		.loc 1 46 3 view .LVU16
  89 003c 0294     		str	r4, [sp, #8]
  90              		.loc 1 46 3 view .LVU17
  91 003e 1A6B     		ldr	r2, [r3, #48]
  92 0040 42F00202 		orr	r2, r2, #2
  93 0044 1A63     		str	r2, [r3, #48]
  94              		.loc 1 46 3 view .LVU18
  95 0046 1B6B     		ldr	r3, [r3, #48]
  96 0048 03F00203 		and	r3, r3, #2
  97 004c 0293     		str	r3, [sp, #8]
  98              		.loc 1 46 3 view .LVU19
  99 004e 029B     		ldr	r3, [sp, #8]
 100              	.LBE4:
 101              		.loc 1 46 3 view .LVU20
  47:Core/Src/gpio.c **** 
  48:Core/Src/gpio.c ****   /*Configure GPIO pin Output Level */
  49:Core/Src/gpio.c ****   HAL_GPIO_WritePin(GPIOA, GPIO_PIN_4, GPIO_PIN_RESET);
 102              		.loc 1 49 3 view .LVU21
 103 0050 DFF89080 		ldr	r8, .L3+12
 104 0054 2246     		mov	r2, r4
 105 0056 1021     		movs	r1, #16
 106 0058 4046     		mov	r0, r8
 107 005a FFF7FEFF 		bl	HAL_GPIO_WritePin
 108              	.LVL0:
  50:Core/Src/gpio.c **** 
  51:Core/Src/gpio.c ****   /*Configure GPIO pin Output Level */
  52:Core/Src/gpio.c ****   HAL_GPIO_WritePin(GPIOB, GPIO_PIN_0|GPIO_PIN_2|GPIO_PIN_3|GPIO_PIN_4
 109              		.loc 1 52 3 view .LVU22
 110 005e 1F4D     		ldr	r5, .L3+4
 111 0060 2246     		mov	r2, r4
 112 0062 3D21     		movs	r1, #61
 113 0064 2846     		mov	r0, r5
 114 0066 FFF7FEFF 		bl	HAL_GPIO_WritePin
 115              	.LVL1:
  53:Core/Src/gpio.c ****                           |GPIO_PIN_5, GPIO_PIN_RESET);
  54:Core/Src/gpio.c **** 
  55:Core/Src/gpio.c ****   /*Configure GPIO pins : PC13 PC12 */
  56:Core/Src/gpio.c ****   GPIO_InitStruct.Pin = GPIO_PIN_13|GPIO_PIN_12;
 116              		.loc 1 56 3 view .LVU23
ARM GAS  C:\Users\saite\AppData\Local\Temp\ccVhu69g.s 			page 4


 117              		.loc 1 56 23 is_stmt 0 view .LVU24
 118 006a 4FF44053 		mov	r3, #12288
 119 006e 0393     		str	r3, [sp, #12]
  57:Core/Src/gpio.c ****   GPIO_InitStruct.Mode = GPIO_MODE_INPUT;
 120              		.loc 1 57 3 is_stmt 1 view .LVU25
 121              		.loc 1 57 24 is_stmt 0 view .LVU26
 122 0070 0494     		str	r4, [sp, #16]
  58:Core/Src/gpio.c ****   GPIO_InitStruct.Pull = GPIO_NOPULL;
 123              		.loc 1 58 3 is_stmt 1 view .LVU27
 124              		.loc 1 58 24 is_stmt 0 view .LVU28
 125 0072 0594     		str	r4, [sp, #20]
  59:Core/Src/gpio.c ****   HAL_GPIO_Init(GPIOC, &GPIO_InitStruct);
 126              		.loc 1 59 3 is_stmt 1 view .LVU29
 127 0074 1A4E     		ldr	r6, .L3+8
 128 0076 03A9     		add	r1, sp, #12
 129 0078 3046     		mov	r0, r6
 130 007a FFF7FEFF 		bl	HAL_GPIO_Init
 131              	.LVL2:
  60:Core/Src/gpio.c **** 
  61:Core/Src/gpio.c ****   /*Configure GPIO pin : PA4 */
  62:Core/Src/gpio.c ****   GPIO_InitStruct.Pin = GPIO_PIN_4;
 132              		.loc 1 62 3 view .LVU30
 133              		.loc 1 62 23 is_stmt 0 view .LVU31
 134 007e 1023     		movs	r3, #16
 135 0080 0393     		str	r3, [sp, #12]
  63:Core/Src/gpio.c ****   GPIO_InitStruct.Mode = GPIO_MODE_OUTPUT_PP;
 136              		.loc 1 63 3 is_stmt 1 view .LVU32
 137              		.loc 1 63 24 is_stmt 0 view .LVU33
 138 0082 0127     		movs	r7, #1
 139 0084 0497     		str	r7, [sp, #16]
  64:Core/Src/gpio.c ****   GPIO_InitStruct.Pull = GPIO_NOPULL;
 140              		.loc 1 64 3 is_stmt 1 view .LVU34
 141              		.loc 1 64 24 is_stmt 0 view .LVU35
 142 0086 0594     		str	r4, [sp, #20]
  65:Core/Src/gpio.c ****   GPIO_InitStruct.Speed = GPIO_SPEED_FREQ_LOW;
 143              		.loc 1 65 3 is_stmt 1 view .LVU36
 144              		.loc 1 65 25 is_stmt 0 view .LVU37
 145 0088 0694     		str	r4, [sp, #24]
  66:Core/Src/gpio.c ****   HAL_GPIO_Init(GPIOA, &GPIO_InitStruct);
 146              		.loc 1 66 3 is_stmt 1 view .LVU38
 147 008a 03A9     		add	r1, sp, #12
 148 008c 4046     		mov	r0, r8
 149 008e FFF7FEFF 		bl	HAL_GPIO_Init
 150              	.LVL3:
  67:Core/Src/gpio.c **** 
  68:Core/Src/gpio.c ****   /*Configure GPIO pins : PB0 PB2 PB3 PB4
  69:Core/Src/gpio.c ****                            PB5 */
  70:Core/Src/gpio.c ****   GPIO_InitStruct.Pin = GPIO_PIN_0|GPIO_PIN_2|GPIO_PIN_3|GPIO_PIN_4
 151              		.loc 1 70 3 view .LVU39
 152              		.loc 1 70 23 is_stmt 0 view .LVU40
 153 0092 3D23     		movs	r3, #61
 154 0094 0393     		str	r3, [sp, #12]
  71:Core/Src/gpio.c ****                           |GPIO_PIN_5;
  72:Core/Src/gpio.c ****   GPIO_InitStruct.Mode = GPIO_MODE_OUTPUT_PP;
 155              		.loc 1 72 3 is_stmt 1 view .LVU41
 156              		.loc 1 72 24 is_stmt 0 view .LVU42
 157 0096 0497     		str	r7, [sp, #16]
ARM GAS  C:\Users\saite\AppData\Local\Temp\ccVhu69g.s 			page 5


  73:Core/Src/gpio.c ****   GPIO_InitStruct.Pull = GPIO_NOPULL;
 158              		.loc 1 73 3 is_stmt 1 view .LVU43
 159              		.loc 1 73 24 is_stmt 0 view .LVU44
 160 0098 0594     		str	r4, [sp, #20]
  74:Core/Src/gpio.c ****   GPIO_InitStruct.Speed = GPIO_SPEED_FREQ_LOW;
 161              		.loc 1 74 3 is_stmt 1 view .LVU45
 162              		.loc 1 74 25 is_stmt 0 view .LVU46
 163 009a 0694     		str	r4, [sp, #24]
  75:Core/Src/gpio.c ****   HAL_GPIO_Init(GPIOB, &GPIO_InitStruct);
 164              		.loc 1 75 3 is_stmt 1 view .LVU47
 165 009c 03A9     		add	r1, sp, #12
 166 009e 2846     		mov	r0, r5
 167 00a0 FFF7FEFF 		bl	HAL_GPIO_Init
 168              	.LVL4:
  76:Core/Src/gpio.c **** 
  77:Core/Src/gpio.c ****   /*Configure GPIO pin : PB1 */
  78:Core/Src/gpio.c ****   GPIO_InitStruct.Pin = GPIO_PIN_1;
 169              		.loc 1 78 3 view .LVU48
 170              		.loc 1 78 23 is_stmt 0 view .LVU49
 171 00a4 4FF00208 		mov	r8, #2
 172 00a8 CDF80C80 		str	r8, [sp, #12]
  79:Core/Src/gpio.c ****   GPIO_InitStruct.Mode = GPIO_MODE_ANALOG;
 173              		.loc 1 79 3 is_stmt 1 view .LVU50
 174              		.loc 1 79 24 is_stmt 0 view .LVU51
 175 00ac 0327     		movs	r7, #3
 176 00ae 0497     		str	r7, [sp, #16]
  80:Core/Src/gpio.c ****   GPIO_InitStruct.Pull = GPIO_NOPULL;
 177              		.loc 1 80 3 is_stmt 1 view .LVU52
 178              		.loc 1 80 24 is_stmt 0 view .LVU53
 179 00b0 0594     		str	r4, [sp, #20]
  81:Core/Src/gpio.c ****   HAL_GPIO_Init(GPIOB, &GPIO_InitStruct);
 180              		.loc 1 81 3 is_stmt 1 view .LVU54
 181 00b2 03A9     		add	r1, sp, #12
 182 00b4 2846     		mov	r0, r5
 183 00b6 FFF7FEFF 		bl	HAL_GPIO_Init
 184              	.LVL5:
  82:Core/Src/gpio.c **** 
  83:Core/Src/gpio.c ****   /*Configure GPIO pins : PC6 PC7 */
  84:Core/Src/gpio.c ****   GPIO_InitStruct.Pin = GPIO_PIN_6|GPIO_PIN_7;
 185              		.loc 1 84 3 view .LVU55
 186              		.loc 1 84 23 is_stmt 0 view .LVU56
 187 00ba C023     		movs	r3, #192
 188 00bc 0393     		str	r3, [sp, #12]
  85:Core/Src/gpio.c ****   GPIO_InitStruct.Mode = GPIO_MODE_AF_PP;
 189              		.loc 1 85 3 is_stmt 1 view .LVU57
 190              		.loc 1 85 24 is_stmt 0 view .LVU58
 191 00be CDF81080 		str	r8, [sp, #16]
  86:Core/Src/gpio.c ****   GPIO_InitStruct.Pull = GPIO_NOPULL;
 192              		.loc 1 86 3 is_stmt 1 view .LVU59
 193              		.loc 1 86 24 is_stmt 0 view .LVU60
 194 00c2 0594     		str	r4, [sp, #20]
  87:Core/Src/gpio.c ****   GPIO_InitStruct.Speed = GPIO_SPEED_FREQ_LOW;
 195              		.loc 1 87 3 is_stmt 1 view .LVU61
 196              		.loc 1 87 25 is_stmt 0 view .LVU62
 197 00c4 0694     		str	r4, [sp, #24]
  88:Core/Src/gpio.c ****   GPIO_InitStruct.Alternate = GPIO_AF3_TIM8;
 198              		.loc 1 88 3 is_stmt 1 view .LVU63
ARM GAS  C:\Users\saite\AppData\Local\Temp\ccVhu69g.s 			page 6


 199              		.loc 1 88 29 is_stmt 0 view .LVU64
 200 00c6 0797     		str	r7, [sp, #28]
  89:Core/Src/gpio.c ****   HAL_GPIO_Init(GPIOC, &GPIO_InitStruct);
 201              		.loc 1 89 3 is_stmt 1 view .LVU65
 202 00c8 03A9     		add	r1, sp, #12
 203 00ca 3046     		mov	r0, r6
 204 00cc FFF7FEFF 		bl	HAL_GPIO_Init
 205              	.LVL6:
  90:Core/Src/gpio.c **** 
  91:Core/Src/gpio.c **** }
 206              		.loc 1 91 1 is_stmt 0 view .LVU66
 207 00d0 08B0     		add	sp, sp, #32
 208              	.LCFI2:
 209              		.cfi_def_cfa_offset 24
 210              		@ sp needed
 211 00d2 BDE8F081 		pop	{r4, r5, r6, r7, r8, pc}
 212              	.L4:
 213 00d6 00BF     		.align	2
 214              	.L3:
 215 00d8 00380240 		.word	1073887232
 216 00dc 00040240 		.word	1073873920
 217 00e0 00080240 		.word	1073874944
 218 00e4 00000240 		.word	1073872896
 219              		.cfi_endproc
 220              	.LFE235:
 222              		.text
 223              	.Letext0:
 224              		.file 2 "c:\\tools\\gcc-arm-none-eabi-10-2020-q4-major\\arm-none-eabi\\include\\machine\\_default_
 225              		.file 3 "c:\\tools\\gcc-arm-none-eabi-10-2020-q4-major\\arm-none-eabi\\include\\sys\\_stdint.h"
 226              		.file 4 "Drivers/CMSIS/Device/ST/STM32F4xx/Include/stm32f405xx.h"
 227              		.file 5 "Drivers/STM32F4xx_HAL_Driver/Inc/stm32f4xx_hal_gpio.h"
ARM GAS  C:\Users\saite\AppData\Local\Temp\ccVhu69g.s 			page 7


DEFINED SYMBOLS
                            *ABS*:00000000 gpio.c
C:\Users\saite\AppData\Local\Temp\ccVhu69g.s:18     .text.MX_GPIO_Init:00000000 $t
C:\Users\saite\AppData\Local\Temp\ccVhu69g.s:26     .text.MX_GPIO_Init:00000000 MX_GPIO_Init
C:\Users\saite\AppData\Local\Temp\ccVhu69g.s:215    .text.MX_GPIO_Init:000000d8 $d

UNDEFINED SYMBOLS
HAL_GPIO_WritePin
HAL_GPIO_Init
