ARM GAS  C:\Users\saite\AppData\Local\Temp\ccZVMApx.s 			page 1


   1              		.cpu cortex-m4
   2              		.eabi_attribute 27, 1
   3              		.eabi_attribute 28, 1
   4              		.eabi_attribute 20, 1
   5              		.eabi_attribute 21, 1
   6              		.eabi_attribute 23, 3
   7              		.eabi_attribute 24, 1
   8              		.eabi_attribute 25, 1
   9              		.eabi_attribute 26, 1
  10              		.eabi_attribute 30, 1
  11              		.eabi_attribute 34, 1
  12              		.eabi_attribute 18, 4
  13              		.file	"usart.c"
  14              		.text
  15              	.Ltext0:
  16              		.cfi_sections	.debug_frame
  17              		.section	.text.MX_UART4_Init,"ax",%progbits
  18              		.align	1
  19              		.global	MX_UART4_Init
  20              		.arch armv7e-m
  21              		.syntax unified
  22              		.thumb
  23              		.thumb_func
  24              		.fpu fpv4-sp-d16
  26              	MX_UART4_Init:
  27              	.LFB235:
  28              		.file 1 "Core/Src/usart.c"
   1:Core/Src/usart.c **** /**
   2:Core/Src/usart.c ****   ******************************************************************************
   3:Core/Src/usart.c ****   * @file    usart.c
   4:Core/Src/usart.c ****   * @brief   This file provides code for the configuration
   5:Core/Src/usart.c ****   *          of the USART instances.
   6:Core/Src/usart.c ****   ******************************************************************************
   7:Core/Src/usart.c ****   * @attention
   8:Core/Src/usart.c ****   *
   9:Core/Src/usart.c ****   * <h2><center>&copy; Copyright (c) 2022 STMicroelectronics.
  10:Core/Src/usart.c ****   * All rights reserved.</center></h2>
  11:Core/Src/usart.c ****   *
  12:Core/Src/usart.c ****   * This software component is licensed by ST under BSD 3-Clause license,
  13:Core/Src/usart.c ****   * the "License"; You may not use this file except in compliance with the
  14:Core/Src/usart.c ****   * License. You may obtain a copy of the License at:
  15:Core/Src/usart.c ****   *                        opensource.org/licenses/BSD-3-Clause
  16:Core/Src/usart.c ****   *
  17:Core/Src/usart.c ****   ******************************************************************************
  18:Core/Src/usart.c ****   */
  19:Core/Src/usart.c **** 
  20:Core/Src/usart.c **** /* Includes ------------------------------------------------------------------*/
  21:Core/Src/usart.c **** #include "usart.h"
  22:Core/Src/usart.c **** 
  23:Core/Src/usart.c **** /* USER CODE BEGIN 0 */
  24:Core/Src/usart.c **** 
  25:Core/Src/usart.c **** /* USER CODE END 0 */
  26:Core/Src/usart.c **** 
  27:Core/Src/usart.c **** UART_HandleTypeDef huart4;
  28:Core/Src/usart.c **** 
  29:Core/Src/usart.c **** /* UART4 init function */
  30:Core/Src/usart.c **** void MX_UART4_Init(void)
ARM GAS  C:\Users\saite\AppData\Local\Temp\ccZVMApx.s 			page 2


  31:Core/Src/usart.c **** {
  29              		.loc 1 31 1 view -0
  30              		.cfi_startproc
  31              		@ args = 0, pretend = 0, frame = 0
  32              		@ frame_needed = 0, uses_anonymous_args = 0
  33 0000 08B5     		push	{r3, lr}
  34              	.LCFI0:
  35              		.cfi_def_cfa_offset 8
  36              		.cfi_offset 3, -8
  37              		.cfi_offset 14, -4
  32:Core/Src/usart.c **** 
  33:Core/Src/usart.c ****   /* USER CODE BEGIN UART4_Init 0 */
  34:Core/Src/usart.c **** 
  35:Core/Src/usart.c ****   /* USER CODE END UART4_Init 0 */
  36:Core/Src/usart.c **** 
  37:Core/Src/usart.c ****   /* USER CODE BEGIN UART4_Init 1 */
  38:Core/Src/usart.c **** 
  39:Core/Src/usart.c ****   /* USER CODE END UART4_Init 1 */
  40:Core/Src/usart.c ****   huart4.Instance = UART4;
  38              		.loc 1 40 3 view .LVU1
  39              		.loc 1 40 19 is_stmt 0 view .LVU2
  40 0002 0A48     		ldr	r0, .L5
  41 0004 0A4B     		ldr	r3, .L5+4
  42 0006 0360     		str	r3, [r0]
  41:Core/Src/usart.c ****   huart4.Init.BaudRate = 115200;
  43              		.loc 1 41 3 is_stmt 1 view .LVU3
  44              		.loc 1 41 24 is_stmt 0 view .LVU4
  45 0008 4FF4E133 		mov	r3, #115200
  46 000c 4360     		str	r3, [r0, #4]
  42:Core/Src/usart.c ****   huart4.Init.WordLength = UART_WORDLENGTH_8B;
  47              		.loc 1 42 3 is_stmt 1 view .LVU5
  48              		.loc 1 42 26 is_stmt 0 view .LVU6
  49 000e 0023     		movs	r3, #0
  50 0010 8360     		str	r3, [r0, #8]
  43:Core/Src/usart.c ****   huart4.Init.StopBits = UART_STOPBITS_1;
  51              		.loc 1 43 3 is_stmt 1 view .LVU7
  52              		.loc 1 43 24 is_stmt 0 view .LVU8
  53 0012 C360     		str	r3, [r0, #12]
  44:Core/Src/usart.c ****   huart4.Init.Parity = UART_PARITY_NONE;
  54              		.loc 1 44 3 is_stmt 1 view .LVU9
  55              		.loc 1 44 22 is_stmt 0 view .LVU10
  56 0014 0361     		str	r3, [r0, #16]
  45:Core/Src/usart.c ****   huart4.Init.Mode = UART_MODE_TX_RX;
  57              		.loc 1 45 3 is_stmt 1 view .LVU11
  58              		.loc 1 45 20 is_stmt 0 view .LVU12
  59 0016 0C22     		movs	r2, #12
  60 0018 4261     		str	r2, [r0, #20]
  46:Core/Src/usart.c ****   huart4.Init.HwFlowCtl = UART_HWCONTROL_NONE;
  61              		.loc 1 46 3 is_stmt 1 view .LVU13
  62              		.loc 1 46 25 is_stmt 0 view .LVU14
  63 001a 8361     		str	r3, [r0, #24]
  47:Core/Src/usart.c ****   huart4.Init.OverSampling = UART_OVERSAMPLING_16;
  64              		.loc 1 47 3 is_stmt 1 view .LVU15
  65              		.loc 1 47 28 is_stmt 0 view .LVU16
  66 001c C361     		str	r3, [r0, #28]
  48:Core/Src/usart.c ****   if (HAL_UART_Init(&huart4) != HAL_OK)
  67              		.loc 1 48 3 is_stmt 1 view .LVU17
ARM GAS  C:\Users\saite\AppData\Local\Temp\ccZVMApx.s 			page 3


  68              		.loc 1 48 7 is_stmt 0 view .LVU18
  69 001e FFF7FEFF 		bl	HAL_UART_Init
  70              	.LVL0:
  71              		.loc 1 48 6 view .LVU19
  72 0022 00B9     		cbnz	r0, .L4
  73              	.L1:
  49:Core/Src/usart.c ****   {
  50:Core/Src/usart.c ****     Error_Handler();
  51:Core/Src/usart.c ****   }
  52:Core/Src/usart.c ****   /* USER CODE BEGIN UART4_Init 2 */
  53:Core/Src/usart.c **** 
  54:Core/Src/usart.c ****   /* USER CODE END UART4_Init 2 */
  55:Core/Src/usart.c **** 
  56:Core/Src/usart.c **** }
  74              		.loc 1 56 1 view .LVU20
  75 0024 08BD     		pop	{r3, pc}
  76              	.L4:
  50:Core/Src/usart.c ****   }
  77              		.loc 1 50 5 is_stmt 1 view .LVU21
  78 0026 FFF7FEFF 		bl	Error_Handler
  79              	.LVL1:
  80              		.loc 1 56 1 is_stmt 0 view .LVU22
  81 002a FBE7     		b	.L1
  82              	.L6:
  83              		.align	2
  84              	.L5:
  85 002c 00000000 		.word	.LANCHOR0
  86 0030 004C0040 		.word	1073761280
  87              		.cfi_endproc
  88              	.LFE235:
  90              		.section	.text.HAL_UART_MspInit,"ax",%progbits
  91              		.align	1
  92              		.global	HAL_UART_MspInit
  93              		.syntax unified
  94              		.thumb
  95              		.thumb_func
  96              		.fpu fpv4-sp-d16
  98              	HAL_UART_MspInit:
  99              	.LVL2:
 100              	.LFB236:
  57:Core/Src/usart.c **** 
  58:Core/Src/usart.c **** void HAL_UART_MspInit(UART_HandleTypeDef* uartHandle)
  59:Core/Src/usart.c **** {
 101              		.loc 1 59 1 is_stmt 1 view -0
 102              		.cfi_startproc
 103              		@ args = 0, pretend = 0, frame = 32
 104              		@ frame_needed = 0, uses_anonymous_args = 0
 105              		.loc 1 59 1 is_stmt 0 view .LVU24
 106 0000 00B5     		push	{lr}
 107              	.LCFI1:
 108              		.cfi_def_cfa_offset 4
 109              		.cfi_offset 14, -4
 110 0002 89B0     		sub	sp, sp, #36
 111              	.LCFI2:
 112              		.cfi_def_cfa_offset 40
  60:Core/Src/usart.c **** 
  61:Core/Src/usart.c ****   GPIO_InitTypeDef GPIO_InitStruct = {0};
ARM GAS  C:\Users\saite\AppData\Local\Temp\ccZVMApx.s 			page 4


 113              		.loc 1 61 3 is_stmt 1 view .LVU25
 114              		.loc 1 61 20 is_stmt 0 view .LVU26
 115 0004 0023     		movs	r3, #0
 116 0006 0393     		str	r3, [sp, #12]
 117 0008 0493     		str	r3, [sp, #16]
 118 000a 0593     		str	r3, [sp, #20]
 119 000c 0693     		str	r3, [sp, #24]
 120 000e 0793     		str	r3, [sp, #28]
  62:Core/Src/usart.c ****   if(uartHandle->Instance==UART4)
 121              		.loc 1 62 3 is_stmt 1 view .LVU27
 122              		.loc 1 62 16 is_stmt 0 view .LVU28
 123 0010 0268     		ldr	r2, [r0]
 124              		.loc 1 62 5 view .LVU29
 125 0012 164B     		ldr	r3, .L11
 126 0014 9A42     		cmp	r2, r3
 127 0016 02D0     		beq	.L10
 128              	.LVL3:
 129              	.L7:
  63:Core/Src/usart.c ****   {
  64:Core/Src/usart.c ****   /* USER CODE BEGIN UART4_MspInit 0 */
  65:Core/Src/usart.c **** 
  66:Core/Src/usart.c ****   /* USER CODE END UART4_MspInit 0 */
  67:Core/Src/usart.c ****     /* UART4 clock enable */
  68:Core/Src/usart.c ****     __HAL_RCC_UART4_CLK_ENABLE();
  69:Core/Src/usart.c **** 
  70:Core/Src/usart.c ****     __HAL_RCC_GPIOC_CLK_ENABLE();
  71:Core/Src/usart.c ****     /**UART4 GPIO Configuration
  72:Core/Src/usart.c ****     PC10     ------> UART4_TX
  73:Core/Src/usart.c ****     PC11     ------> UART4_RX
  74:Core/Src/usart.c ****     */
  75:Core/Src/usart.c ****     GPIO_InitStruct.Pin = GPIO_PIN_10|GPIO_PIN_11;
  76:Core/Src/usart.c ****     GPIO_InitStruct.Mode = GPIO_MODE_AF_PP;
  77:Core/Src/usart.c ****     GPIO_InitStruct.Pull = GPIO_PULLUP;
  78:Core/Src/usart.c ****     GPIO_InitStruct.Speed = GPIO_SPEED_FREQ_VERY_HIGH;
  79:Core/Src/usart.c ****     GPIO_InitStruct.Alternate = GPIO_AF8_UART4;
  80:Core/Src/usart.c ****     HAL_GPIO_Init(GPIOC, &GPIO_InitStruct);
  81:Core/Src/usart.c **** 
  82:Core/Src/usart.c ****   /* USER CODE BEGIN UART4_MspInit 1 */
  83:Core/Src/usart.c **** 
  84:Core/Src/usart.c ****   /* USER CODE END UART4_MspInit 1 */
  85:Core/Src/usart.c ****   }
  86:Core/Src/usart.c **** }
 130              		.loc 1 86 1 view .LVU30
 131 0018 09B0     		add	sp, sp, #36
 132              	.LCFI3:
 133              		.cfi_remember_state
 134              		.cfi_def_cfa_offset 4
 135              		@ sp needed
 136 001a 5DF804FB 		ldr	pc, [sp], #4
 137              	.LVL4:
 138              	.L10:
 139              	.LCFI4:
 140              		.cfi_restore_state
  68:Core/Src/usart.c **** 
 141              		.loc 1 68 5 is_stmt 1 view .LVU31
 142              	.LBB2:
  68:Core/Src/usart.c **** 
ARM GAS  C:\Users\saite\AppData\Local\Temp\ccZVMApx.s 			page 5


 143              		.loc 1 68 5 view .LVU32
 144 001e 0021     		movs	r1, #0
 145 0020 0191     		str	r1, [sp, #4]
  68:Core/Src/usart.c **** 
 146              		.loc 1 68 5 view .LVU33
 147 0022 03F5F633 		add	r3, r3, #125952
 148 0026 1A6C     		ldr	r2, [r3, #64]
 149 0028 42F40022 		orr	r2, r2, #524288
 150 002c 1A64     		str	r2, [r3, #64]
  68:Core/Src/usart.c **** 
 151              		.loc 1 68 5 view .LVU34
 152 002e 1A6C     		ldr	r2, [r3, #64]
 153 0030 02F40022 		and	r2, r2, #524288
 154 0034 0192     		str	r2, [sp, #4]
  68:Core/Src/usart.c **** 
 155              		.loc 1 68 5 view .LVU35
 156 0036 019A     		ldr	r2, [sp, #4]
 157              	.LBE2:
  68:Core/Src/usart.c **** 
 158              		.loc 1 68 5 view .LVU36
  70:Core/Src/usart.c ****     /**UART4 GPIO Configuration
 159              		.loc 1 70 5 view .LVU37
 160              	.LBB3:
  70:Core/Src/usart.c ****     /**UART4 GPIO Configuration
 161              		.loc 1 70 5 view .LVU38
 162 0038 0291     		str	r1, [sp, #8]
  70:Core/Src/usart.c ****     /**UART4 GPIO Configuration
 163              		.loc 1 70 5 view .LVU39
 164 003a 1A6B     		ldr	r2, [r3, #48]
 165 003c 42F00402 		orr	r2, r2, #4
 166 0040 1A63     		str	r2, [r3, #48]
  70:Core/Src/usart.c ****     /**UART4 GPIO Configuration
 167              		.loc 1 70 5 view .LVU40
 168 0042 1B6B     		ldr	r3, [r3, #48]
 169 0044 03F00403 		and	r3, r3, #4
 170 0048 0293     		str	r3, [sp, #8]
  70:Core/Src/usart.c ****     /**UART4 GPIO Configuration
 171              		.loc 1 70 5 view .LVU41
 172 004a 029B     		ldr	r3, [sp, #8]
 173              	.LBE3:
  70:Core/Src/usart.c ****     /**UART4 GPIO Configuration
 174              		.loc 1 70 5 view .LVU42
  75:Core/Src/usart.c ****     GPIO_InitStruct.Mode = GPIO_MODE_AF_PP;
 175              		.loc 1 75 5 view .LVU43
  75:Core/Src/usart.c ****     GPIO_InitStruct.Mode = GPIO_MODE_AF_PP;
 176              		.loc 1 75 25 is_stmt 0 view .LVU44
 177 004c 4FF44063 		mov	r3, #3072
 178 0050 0393     		str	r3, [sp, #12]
  76:Core/Src/usart.c ****     GPIO_InitStruct.Pull = GPIO_PULLUP;
 179              		.loc 1 76 5 is_stmt 1 view .LVU45
  76:Core/Src/usart.c ****     GPIO_InitStruct.Pull = GPIO_PULLUP;
 180              		.loc 1 76 26 is_stmt 0 view .LVU46
 181 0052 0223     		movs	r3, #2
 182 0054 0493     		str	r3, [sp, #16]
  77:Core/Src/usart.c ****     GPIO_InitStruct.Speed = GPIO_SPEED_FREQ_VERY_HIGH;
 183              		.loc 1 77 5 is_stmt 1 view .LVU47
  77:Core/Src/usart.c ****     GPIO_InitStruct.Speed = GPIO_SPEED_FREQ_VERY_HIGH;
ARM GAS  C:\Users\saite\AppData\Local\Temp\ccZVMApx.s 			page 6


 184              		.loc 1 77 26 is_stmt 0 view .LVU48
 185 0056 0123     		movs	r3, #1
 186 0058 0593     		str	r3, [sp, #20]
  78:Core/Src/usart.c ****     GPIO_InitStruct.Alternate = GPIO_AF8_UART4;
 187              		.loc 1 78 5 is_stmt 1 view .LVU49
  78:Core/Src/usart.c ****     GPIO_InitStruct.Alternate = GPIO_AF8_UART4;
 188              		.loc 1 78 27 is_stmt 0 view .LVU50
 189 005a 0323     		movs	r3, #3
 190 005c 0693     		str	r3, [sp, #24]
  79:Core/Src/usart.c ****     HAL_GPIO_Init(GPIOC, &GPIO_InitStruct);
 191              		.loc 1 79 5 is_stmt 1 view .LVU51
  79:Core/Src/usart.c ****     HAL_GPIO_Init(GPIOC, &GPIO_InitStruct);
 192              		.loc 1 79 31 is_stmt 0 view .LVU52
 193 005e 0823     		movs	r3, #8
 194 0060 0793     		str	r3, [sp, #28]
  80:Core/Src/usart.c **** 
 195              		.loc 1 80 5 is_stmt 1 view .LVU53
 196 0062 03A9     		add	r1, sp, #12
 197 0064 0248     		ldr	r0, .L11+4
 198              	.LVL5:
  80:Core/Src/usart.c **** 
 199              		.loc 1 80 5 is_stmt 0 view .LVU54
 200 0066 FFF7FEFF 		bl	HAL_GPIO_Init
 201              	.LVL6:
 202              		.loc 1 86 1 view .LVU55
 203 006a D5E7     		b	.L7
 204              	.L12:
 205              		.align	2
 206              	.L11:
 207 006c 004C0040 		.word	1073761280
 208 0070 00080240 		.word	1073874944
 209              		.cfi_endproc
 210              	.LFE236:
 212              		.section	.text.HAL_UART_MspDeInit,"ax",%progbits
 213              		.align	1
 214              		.global	HAL_UART_MspDeInit
 215              		.syntax unified
 216              		.thumb
 217              		.thumb_func
 218              		.fpu fpv4-sp-d16
 220              	HAL_UART_MspDeInit:
 221              	.LVL7:
 222              	.LFB237:
  87:Core/Src/usart.c **** 
  88:Core/Src/usart.c **** void HAL_UART_MspDeInit(UART_HandleTypeDef* uartHandle)
  89:Core/Src/usart.c **** {
 223              		.loc 1 89 1 is_stmt 1 view -0
 224              		.cfi_startproc
 225              		@ args = 0, pretend = 0, frame = 0
 226              		@ frame_needed = 0, uses_anonymous_args = 0
 227              		.loc 1 89 1 is_stmt 0 view .LVU57
 228 0000 08B5     		push	{r3, lr}
 229              	.LCFI5:
 230              		.cfi_def_cfa_offset 8
 231              		.cfi_offset 3, -8
 232              		.cfi_offset 14, -4
  90:Core/Src/usart.c **** 
ARM GAS  C:\Users\saite\AppData\Local\Temp\ccZVMApx.s 			page 7


  91:Core/Src/usart.c ****   if(uartHandle->Instance==UART4)
 233              		.loc 1 91 3 is_stmt 1 view .LVU58
 234              		.loc 1 91 16 is_stmt 0 view .LVU59
 235 0002 0268     		ldr	r2, [r0]
 236              		.loc 1 91 5 view .LVU60
 237 0004 074B     		ldr	r3, .L17
 238 0006 9A42     		cmp	r2, r3
 239 0008 00D0     		beq	.L16
 240              	.LVL8:
 241              	.L13:
  92:Core/Src/usart.c ****   {
  93:Core/Src/usart.c ****   /* USER CODE BEGIN UART4_MspDeInit 0 */
  94:Core/Src/usart.c **** 
  95:Core/Src/usart.c ****   /* USER CODE END UART4_MspDeInit 0 */
  96:Core/Src/usart.c ****     /* Peripheral clock disable */
  97:Core/Src/usart.c ****     __HAL_RCC_UART4_CLK_DISABLE();
  98:Core/Src/usart.c **** 
  99:Core/Src/usart.c ****     /**UART4 GPIO Configuration
 100:Core/Src/usart.c ****     PC10     ------> UART4_TX
 101:Core/Src/usart.c ****     PC11     ------> UART4_RX
 102:Core/Src/usart.c ****     */
 103:Core/Src/usart.c ****     HAL_GPIO_DeInit(GPIOC, GPIO_PIN_10|GPIO_PIN_11);
 104:Core/Src/usart.c **** 
 105:Core/Src/usart.c ****   /* USER CODE BEGIN UART4_MspDeInit 1 */
 106:Core/Src/usart.c **** 
 107:Core/Src/usart.c ****   /* USER CODE END UART4_MspDeInit 1 */
 108:Core/Src/usart.c ****   }
 109:Core/Src/usart.c **** }
 242              		.loc 1 109 1 view .LVU61
 243 000a 08BD     		pop	{r3, pc}
 244              	.LVL9:
 245              	.L16:
  97:Core/Src/usart.c **** 
 246              		.loc 1 97 5 is_stmt 1 view .LVU62
 247 000c 064A     		ldr	r2, .L17+4
 248 000e 136C     		ldr	r3, [r2, #64]
 249 0010 23F40023 		bic	r3, r3, #524288
 250 0014 1364     		str	r3, [r2, #64]
 103:Core/Src/usart.c **** 
 251              		.loc 1 103 5 view .LVU63
 252 0016 4FF44061 		mov	r1, #3072
 253 001a 0448     		ldr	r0, .L17+8
 254              	.LVL10:
 103:Core/Src/usart.c **** 
 255              		.loc 1 103 5 is_stmt 0 view .LVU64
 256 001c FFF7FEFF 		bl	HAL_GPIO_DeInit
 257              	.LVL11:
 258              		.loc 1 109 1 view .LVU65
 259 0020 F3E7     		b	.L13
 260              	.L18:
 261 0022 00BF     		.align	2
 262              	.L17:
 263 0024 004C0040 		.word	1073761280
 264 0028 00380240 		.word	1073887232
 265 002c 00080240 		.word	1073874944
 266              		.cfi_endproc
 267              	.LFE237:
ARM GAS  C:\Users\saite\AppData\Local\Temp\ccZVMApx.s 			page 8


 269              		.global	huart4
 270              		.section	.bss.huart4,"aw",%nobits
 271              		.align	2
 272              		.set	.LANCHOR0,. + 0
 275              	huart4:
 276 0000 00000000 		.space	68
 276      00000000 
 276      00000000 
 276      00000000 
 276      00000000 
 277              		.text
 278              	.Letext0:
 279              		.file 2 "c:\\tools\\gcc-arm-none-eabi-10-2020-q4-major\\arm-none-eabi\\include\\machine\\_default_
 280              		.file 3 "c:\\tools\\gcc-arm-none-eabi-10-2020-q4-major\\arm-none-eabi\\include\\sys\\_stdint.h"
 281              		.file 4 "Drivers/CMSIS/Device/ST/STM32F4xx/Include/stm32f405xx.h"
 282              		.file 5 "Drivers/STM32F4xx_HAL_Driver/Inc/stm32f4xx_hal_def.h"
 283              		.file 6 "Drivers/STM32F4xx_HAL_Driver/Inc/stm32f4xx_hal_gpio.h"
 284              		.file 7 "Drivers/STM32F4xx_HAL_Driver/Inc/stm32f4xx_hal_dma.h"
 285              		.file 8 "Drivers/STM32F4xx_HAL_Driver/Inc/stm32f4xx_hal_uart.h"
 286              		.file 9 "Core/Inc/main.h"
 287              		.file 10 "Core/Inc/usart.h"
ARM GAS  C:\Users\saite\AppData\Local\Temp\ccZVMApx.s 			page 9


DEFINED SYMBOLS
                            *ABS*:00000000 usart.c
C:\Users\saite\AppData\Local\Temp\ccZVMApx.s:18     .text.MX_UART4_Init:00000000 $t
C:\Users\saite\AppData\Local\Temp\ccZVMApx.s:26     .text.MX_UART4_Init:00000000 MX_UART4_Init
C:\Users\saite\AppData\Local\Temp\ccZVMApx.s:85     .text.MX_UART4_Init:0000002c $d
C:\Users\saite\AppData\Local\Temp\ccZVMApx.s:91     .text.HAL_UART_MspInit:00000000 $t
C:\Users\saite\AppData\Local\Temp\ccZVMApx.s:98     .text.HAL_UART_MspInit:00000000 HAL_UART_MspInit
C:\Users\saite\AppData\Local\Temp\ccZVMApx.s:207    .text.HAL_UART_MspInit:0000006c $d
C:\Users\saite\AppData\Local\Temp\ccZVMApx.s:213    .text.HAL_UART_MspDeInit:00000000 $t
C:\Users\saite\AppData\Local\Temp\ccZVMApx.s:220    .text.HAL_UART_MspDeInit:00000000 HAL_UART_MspDeInit
C:\Users\saite\AppData\Local\Temp\ccZVMApx.s:263    .text.HAL_UART_MspDeInit:00000024 $d
C:\Users\saite\AppData\Local\Temp\ccZVMApx.s:275    .bss.huart4:00000000 huart4
C:\Users\saite\AppData\Local\Temp\ccZVMApx.s:271    .bss.huart4:00000000 $d

UNDEFINED SYMBOLS
HAL_UART_Init
Error_Handler
HAL_GPIO_Init
HAL_GPIO_DeInit
